Loaded in: 1207043ms
Nodes:41652230 Edges:1468365033
Actually created 2 partitions.
First two partition sizes: 11253409 and 30398821
Partitioning took: 53044ms
edges cut: 524717583 (0.357348%)
Vcom. vol: 31965118 (0.021769%)
ECV(rand): 28143409 (0.019166%)
ECV(hash): 25335466 (0.017254%)
Actually created 3 partitions.
First two partition sizes: 12444881 and 23640793
Partitioning took: 59936ms
edges cut: 669428743 (0.455901%)
Vcom. vol: 58666033 (0.039953%)
ECV(rand): 49906131 (0.033988%)
ECV(hash): 43549784 (0.029659%)
Actually created 4 partitions.
First two partition sizes: 7786497 and 18797735
Partitioning took: 114684ms
edges cut: 684195541 (0.465957%)
Vcom. vol: 76805400 (0.052307%)
ECV(rand): 63632150 (0.043335%)
ECV(hash): 56096073 (0.038203%)
Actually created 5 partitions.
First two partition sizes: 9057049 and 13829836
Partitioning took: 128730ms
edges cut: 766675121 (0.522128%)
Vcom. vol: 92929834 (0.063288%)
ECV(rand): 75757885 (0.051593%)
ECV(hash): 67411792 (0.045909%)
Actually created 10 partitions.
First two partition sizes: 6196393 and 8220645
Partitioning took: 230155ms
edges cut: 896453466 (0.610511%)
Vcom. vol: 160074625 (0.109016%)
ECV(rand): 124290594 (0.084646%)
ECV(hash): 110370853 (0.075166%)
Actually created 15 partitions.
First two partition sizes: 3346779 and 1430712
Partitioning took: 335114ms
edges cut: 958242319 (0.652591%)
Vcom. vol: 205521658 (0.139966%)
ECV(rand): 154564694 (0.105263%)
ECV(hash): 137821274 (0.093860%)
Actually created 20 partitions.
First two partition sizes: 145387 and 2730964
Partitioning took: 442675ms
edges cut: 1004854032 (0.684335%)
Vcom. vol: 259471886 (0.176708%)
ECV(rand): 188840802 (0.128606%)
ECV(hash): 168414868 (0.114696%)
Actually created 25 partitions.
First two partition sizes: 803288 and 1033206
Partitioning took: 548873ms
edges cut: 1048118252 (0.713800%)
Vcom. vol: 306381779 (0.208655%)
ECV(rand): 217100626 (0.147852%)
ECV(hash): 194501242 (0.132461%)
Actually created 30 partitions.
First two partition sizes: 628670 and 1909506
Partitioning took: 651935ms
edges cut: 1061958567 (0.723225%)
Vcom. vol: 339021110 (0.230883%)
ECV(rand): 236435385 (0.161019%)
ECV(hash): 212827458 (0.144942%)
Finished in: 8198563ms
