Starting dist-partition on /n/regal/seltzer_lab/data/twitter/twitter_rv.dat with 4 workers...
s:0 a:1 i:0 r:0 c:4
p: nodes:1 25
sbcast: -----------------------------
sbcast: block_size = 0
sbcast: compress   = false
sbcast: force      = true
sbcast: fanout     = 0
sbcast: jobid      = 33278407
sbcast: preserve   = false
sbcast: timeout    = 0
sbcast: verbose    = 1
sbcast: source     = /n/regal/seltzer_lab/data/twitter/twitter_rv.dat
sbcast: dest       = /scratch/twitter_rv.dat
sbcast: -----------------------------
sbcast: modes    = 100644
sbcast: uid      = 555650
sbcast: gid      = 35019
sbcast: atime    = Sun Feb 22 09:11:39 2015
sbcast: mtime    = Sat Jan 24 01:57:26 2015
sbcast: ctime    = Sat Jan 24 01:57:26 2015
sbcast: size     = 17620382184
sbcast: -----------------------------
sbcast: jobid      = 33278407
sbcast: auth plugin for Munge (http://code.google.com/p/munge/) loaded
sbcast: node_cnt   = 1
sbcast: node_list  = holy2a11103
sbcast: Sbcast_cred: Jobid   33278407
sbcast: Sbcast_cred: Nodes   holy2a11103
sbcast: Sbcast_cred: ctime   Sun Feb 22 11:14:10 2015
sbcast: Sbcast_cred: Expire  Sun Feb 22 14:13:30 2015
sbcast: -----------------------------
sbcast: block_size = 0
sbcast: compress   = false
sbcast: force      = true
sbcast: fanout     = 0
sbcast: jobid      = 33278407
sbcast: preserve   = false
sbcast: timeout    = 0
sbcast: verbose    = 1
sbcast: source     = /n/regal/seltzer_lab/data/twitter/twitter_rv.dat.ini
sbcast: dest       = /scratch/twitter_rv.dat.ini
sbcast: -----------------------------
sbcast: modes    = 100644
sbcast: uid      = 555650
sbcast: gid      = 35019
sbcast: atime    = Sun Feb 22 09:11:08 2015
sbcast: mtime    = Sat Jan 24 01:57:26 2015
sbcast: ctime    = Sat Jan 24 01:57:26 2015
sbcast: size     = 70
sbcast: -----------------------------
sbcast: jobid      = 33278407
sbcast: auth plugin for Munge (http://code.google.com/p/munge/) loaded
sbcast: node_cnt   = 1
sbcast: node_list  = holy2a11103
sbcast: Sbcast_cred: Jobid   33278407
sbcast: Sbcast_cred: Nodes   holy2a11103
sbcast: Sbcast_cred: ctime   Sun Feb 22 11:22:55 2015
sbcast: Sbcast_cred: Expire  Sun Feb 22 14:13:30 2015
Loaded graph in: 180.214000 seconds
Sorted in: 14.330000 seconds
Mapped in: 45.127000 seconds
Reduced in: 29.340000 seconds
Loaded graph in: 180.873000 seconds
Sorted in: 14.210000 seconds
Mapped in: 46.148000 seconds
Reduced in: 28.964000 seconds
Loaded graph in: 179.712000 seconds
Sorted in: 14.081000 seconds
Mapped in: 45.062000 seconds
Reduced in: 31.051000 seconds
Loaded graph in: 182.022000 seconds
Sorted in: 14.072000 seconds
Mapped in: 45.024000 seconds
Reduced in: 30.287000 seconds
Loaded graph in: 179.528000 seconds
Sorted in: 14.038000 seconds
Mapped in: 48.817000 seconds
Reduced in: 25.916000 seconds
Loaded graph in: 213.904000 seconds
Sorted in: 16.578000 seconds
Mapped in: 55.166000 seconds
Reduced in: 22.208000 seconds
Loaded graph in: 180.180000 seconds
Sorted in: 14.042000 seconds
Mapped in: 44.969000 seconds
Reduced in: 30.291000 seconds
Loaded graph in: 184.084000 seconds
Sorted in: 14.064000 seconds
Mapped in: 45.737000 seconds
Reduced in: 30.856000 seconds
Loaded graph in: 178.720000 seconds
Sorted in: 14.719000 seconds
Mapped in: 45.128000 seconds
Reduced in: 29.320000 seconds
Loaded graph in: 181.188000 seconds
Sorted in: 13.944000 seconds
Mapped in: 45.153000 seconds
Reduced in: 30.096000 seconds
Loaded graph in: 182.422000 seconds
Sorted in: 14.912000 seconds
Mapped in: 46.341000 seconds
Reduced in: 28.002000 seconds
