Loaded tree in: 16.607000 seconds
TREEFAQS: width:11329	roots:78950
	vheight:10158364	eheight:925738511
	verts:105218569	edges:3717169969
	halo:17532713	core:0
	fill:0
Actually created 2 partitions.
First two partition sizes: 71088408 and 34130161
Finished in: 30.610000 seconds
Loaded tree in: 16.761000 seconds
TREEFAQS: width:11329	roots:78950
	vheight:10158364	eheight:925738511
	verts:105218569	edges:3717169969
	halo:17532713	core:0
	fill:0
Actually created 3 partitions.
First two partition sizes: 55759740 and 28201758
Finished in: 29.742000 seconds
Loaded tree in: 12.652000 seconds
TREEFAQS: width:11329	roots:78950
	vheight:10158364	eheight:925738511
	verts:105218569	edges:3717169969
	halo:17532713	core:0
	fill:0
Actually created 4 partitions.
First two partition sizes: 46376182 and 24712014
Finished in: 38.139000 seconds
Loaded tree in: 12.842000 seconds
TREEFAQS: width:11329	roots:78950
	vheight:10158364	eheight:925738511
	verts:105218569	edges:3717169969
	halo:17532713	core:0
	fill:0
Actually created 5 partitions.
First two partition sizes: 40213404 and 22253197
Finished in: 39.234000 seconds
Loaded tree in: 12.729000 seconds
TREEFAQS: width:11329	roots:78950
	vheight:10158364	eheight:925738511
	verts:105218569	edges:3717169969
	halo:17532713	core:0
	fill:0
Actually created 6 partitions.
First two partition sizes: 35672547 and 20087176
Finished in: 26.344000 seconds
Loaded tree in: 12.870000 seconds
TREEFAQS: width:11329	roots:78950
	vheight:10158364	eheight:925738511
	verts:105218569	edges:3717169969
	halo:17532713	core:0
	fill:0
Actually created 7 partitions.
First two partition sizes: 32063484 and 18393993
Finished in: 65.547000 seconds
Loaded tree in: 12.901000 seconds
TREEFAQS: width:11329	roots:78950
	vheight:10158364	eheight:925738511
	verts:105218569	edges:3717169969
	halo:17532713	core:0
	fill:0
Actually created 8 partitions.
First two partition sizes: 29231563 and 17145338
Finished in: 43.387000 seconds
Loaded tree in: 13.378000 seconds
TREEFAQS: width:11329	roots:78950
	vheight:10158364	eheight:925738511
	verts:105218569	edges:3717169969
	halo:17532713	core:0
	fill:0
Actually created 9 partitions.
First two partition sizes: 26938347 and 16219097
Finished in: 40.035000 seconds
Loaded tree in: 16.092000 seconds
TREEFAQS: width:11329	roots:78950
	vheight:10158364	eheight:925738511
	verts:105218569	edges:3717169969
	halo:17532713	core:0
	fill:0
Actually created 10 partitions.
First two partition sizes: 24948044 and 15265278
Finished in: 56.518000 seconds
Loaded tree in: 8.861000 seconds
TREEFAQS: width:11329	roots:78950
	vheight:10158364	eheight:925738511
	verts:105218569	edges:3717169969
	halo:17532713	core:0
	fill:0
Actually created 11 partitions.
First two partition sizes: 23258467 and 14532159
Finished in: 79.351000 seconds
Loaded tree in: 12.870000 seconds
TREEFAQS: width:11329	roots:78950
	vheight:10158364	eheight:925738511
	verts:105218569	edges:3717169969
	halo:17532713	core:0
	fill:0
Actually created 12 partitions.
First two partition sizes: 21814421 and 13858383
Finished in: 26.548000 seconds
Loaded tree in: 12.915000 seconds
TREEFAQS: width:11329	roots:78950
	vheight:10158364	eheight:925738511
	verts:105218569	edges:3717169969
	halo:17532713	core:0
	fill:0
Actually created 13 partitions.
First two partition sizes: 20563680 and 13198740
Finished in: 706.255000 seconds
Loaded tree in: 12.938000 seconds
TREEFAQS: width:11329	roots:78950
	vheight:10158364	eheight:925738511
	verts:105218569	edges:3717169969
	halo:17532713	core:0
	fill:0
Actually created 14 partitions.
First two partition sizes: 19488249 and 12575230
Finished in: 207.198000 seconds
Loaded tree in: 19.655000 seconds
TREEFAQS: width:11329	roots:78950
	vheight:10158364	eheight:925738511
	verts:105218569	edges:3717169969
	halo:17532713	core:0
	fill:0
Actually created 15 partitions.
First two partition sizes: 18276597 and 12303947
Finished in: 33.425000 seconds
Loaded tree in: 12.773000 seconds
TREEFAQS: width:11329	roots:78950
	vheight:10158364	eheight:925738511
	verts:105218569	edges:3717169969
	halo:17532713	core:0
	fill:0
Actually created 16 partitions.
First two partition sizes: 17408224 and 11823332
Finished in: 26.510000 seconds
Loaded tree in: 12.760000 seconds
TREEFAQS: width:11329	roots:78950
	vheight:10158364	eheight:925738511
	verts:105218569	edges:3717169969
	halo:17532713	core:0
	fill:0
Actually created 17 partitions.
First two partition sizes: 16631894 and 11448495
Finished in: 38.803000 seconds
Loaded tree in: 12.779000 seconds
TREEFAQS: width:11329	roots:78950
	vheight:10158364	eheight:925738511
	verts:105218569	edges:3717169969
	halo:17532713	core:0
	fill:0
Actually created 18 partitions.
First two partition sizes: 15970309 and 10968041
Finished in: 26.536000 seconds
Loaded tree in: 12.890000 seconds
TREEFAQS: width:11329	roots:78950
	vheight:10158364	eheight:925738511
	verts:105218569	edges:3717169969
	halo:17532713	core:0
	fill:0
Actually created 19 partitions.
First two partition sizes: 15385121 and 10512209
Finished in: 133.993000 seconds
Loaded tree in: 12.911000 seconds
TREEFAQS: width:11329	roots:78950
	vheight:10158364	eheight:925738511
	verts:105218569	edges:3717169969
	halo:17532713	core:0
	fill:0
Actually created 20 partitions.
First two partition sizes: 14851751 and 10096185
Finished in: 26.587000 seconds
Loaded tree in: 12.898000 seconds
TREEFAQS: width:11329	roots:78950
	vheight:10158364	eheight:925738511
	verts:105218569	edges:3717169969
	halo:17532713	core:0
	fill:0
Actually created 21 partitions.
First two partition sizes: 14327839 and 9759493
Finished in: 26.583000 seconds
Loaded tree in: 12.860000 seconds
TREEFAQS: width:11329	roots:78950
	vheight:10158364	eheight:925738511
	verts:105218569	edges:3717169969
	halo:17532713	core:0
	fill:0
Actually created 22 partitions.
First two partition sizes: 13859421 and 9399055
Finished in: 25.668000 seconds
Loaded tree in: 12.865000 seconds
TREEFAQS: width:11329	roots:78950
	vheight:10158364	eheight:925738511
	verts:105218569	edges:3717169969
	halo:17532713	core:0
	fill:0
Actually created 23 partitions.
First two partition sizes: 13430575 and 9066074
Finished in: 25.662000 seconds
Loaded tree in: 12.870000 seconds
TREEFAQS: width:11329	roots:78950
	vheight:10158364	eheight:925738511
	verts:105218569	edges:3717169969
	halo:17532713	core:0
	fill:0
Actually created 24 partitions.
First two partition sizes: 13006939 and 8807451
Finished in: 24.724000 seconds
Loaded tree in: 12.841000 seconds
TREEFAQS: width:11329	roots:78950
	vheight:10158364	eheight:925738511
	verts:105218569	edges:3717169969
	halo:17532713	core:0
	fill:0
Actually created 25 partitions.
First two partition sizes: 12627928 and 8537023
Finished in: 91.485000 seconds
Loaded tree in: 19.084000 seconds
TREEFAQS: width:11329	roots:78950
	vheight:10158364	eheight:925738511
	verts:105218569	edges:3717169969
	halo:17532713	core:0
	fill:0
Actually created 26 partitions.
First two partition sizes: 12269534 and 8294153
Finished in: 45.755000 seconds
Loaded tree in: 12.721000 seconds
TREEFAQS: width:11329	roots:78950
	vheight:10158364	eheight:925738511
	verts:105218569	edges:3717169969
	halo:17532713	core:0
	fill:0
Actually created 27 partitions.
First two partition sizes: 11962163 and 8052660
Finished in: 26.378000 seconds
Loaded tree in: 13.022000 seconds
TREEFAQS: width:11329	roots:78950
	vheight:10158364	eheight:925738511
	verts:105218569	edges:3717169969
	halo:17532713	core:0
	fill:0
Actually created 28 partitions.
First two partition sizes: 11657864 and 7830407
Finished in: 38.820000 seconds
Loaded tree in: 12.785000 seconds
TREEFAQS: width:11329	roots:78950
	vheight:10158364	eheight:925738511
	verts:105218569	edges:3717169969
	halo:17532713	core:0
	fill:0
Actually created 29 partitions.
First two partition sizes: 11339060 and 7398566
Finished in: 39.732000 seconds
Loaded tree in: 16.312000 seconds
TREEFAQS: width:11329	roots:78950
	vheight:10158364	eheight:925738511
	verts:105218569	edges:3717169969
	halo:17532713	core:0
	fill:0
Actually created 30 partitions.
First two partition sizes: 11057338 and 7219259
Finished in: 29.178000 seconds
Loaded tree in: 12.721000 seconds
TREEFAQS: width:11329	roots:78950
	vheight:10158364	eheight:925738511
	verts:105218569	edges:3717169969
	halo:17532713	core:0
	fill:0
Actually created 31 partitions.
First two partition sizes: 10791430 and 7048429
Finished in: 25.535000 seconds
Loaded tree in: 12.719000 seconds
TREEFAQS: width:11329	roots:78950
	vheight:10158364	eheight:925738511
	verts:105218569	edges:3717169969
	halo:17532713	core:0
	fill:0
Actually created 32 partitions.
First two partition sizes: 10563770 and 6844457
Finished in: 38.125000 seconds
