Loaded tree in: 22.460000 seconds
TREEFAQS: width:11329	roots:78950
	vheight:10158364	eheight:925738511
	verts:105218569	edges:3717169969
	halo:17532713	core:0
	fill:0
Actually created 13 partitions.
First two partition sizes: 20563680 and 13198740
Finished in: 36.456000 seconds
Loaded tree in: 17.120000 seconds
TREEFAQS: width:11329	roots:78950
	vheight:10158364	eheight:925738511
	verts:105218569	edges:3717169969
	halo:17532713	core:0
	fill:0
Actually created 13 partitions.
First two partition sizes: 20563680 and 13198740
Finished in: 38.438000 seconds
Loaded tree in: 12.859000 seconds
TREEFAQS: width:11329	roots:78950
	vheight:10158364	eheight:925738511
	verts:105218569	edges:3717169969
	halo:17532713	core:0
	fill:0
Actually created 14 partitions.
First two partition sizes: 19488249 and 12575230
Finished in: 38.823000 seconds
Loaded tree in: 12.757000 seconds
TREEFAQS: width:11329	roots:78950
	vheight:10158364	eheight:925738511
	verts:105218569	edges:3717169969
	halo:17532713	core:0
	fill:0
Actually created 14 partitions.
First two partition sizes: 19488249 and 12575230
Finished in: 26.439000 seconds
